E:\Computer Graphics class\CS452_Assign1_SkelCode\CS452Assign1\CS452Assign1\Release\cl.command.1.tlog
E:\Computer Graphics class\CS452_Assign1_SkelCode\CS452Assign1\CS452Assign1\Release\CL.read.1.tlog
E:\Computer Graphics class\CS452_Assign1_SkelCode\CS452Assign1\CS452Assign1\Release\CL.write.1.tlog
E:\COMPUTER GRAPHICS CLASS\CS452_ASSIGN1_SKELCODE\CS452ASSIGN1\CS452ASSIGN1\RELEASE\CS452ASSIGN1.EXE.INTERMEDIATE.MANIFEST
E:\COMPUTER GRAPHICS CLASS\CS452_ASSIGN1_SKELCODE\CS452ASSIGN1\CS452ASSIGN1\RELEASE\CS452ASSIGN1.OBJ
E:\COMPUTER GRAPHICS CLASS\CS452_ASSIGN1_SKELCODE\CS452ASSIGN1\CS452ASSIGN1\RELEASE\CS452ASSIGN1.PCH
E:\COMPUTER GRAPHICS CLASS\CS452_ASSIGN1_SKELCODE\CS452ASSIGN1\CS452ASSIGN1\RELEASE\CS452ASSIGN1.RES
E:\Computer Graphics class\CS452_Assign1_SkelCode\CS452Assign1\CS452Assign1\Release\CS452Assign1.write.1.tlog
E:\Computer Graphics class\CS452_Assign1_SkelCode\CS452Assign1\CS452Assign1\Release\link.command.1.tlog
E:\Computer Graphics class\CS452_Assign1_SkelCode\CS452Assign1\CS452Assign1\Release\link.read.1.tlog
E:\Computer Graphics class\CS452_Assign1_SkelCode\CS452Assign1\CS452Assign1\Release\link.write.1.tlog
E:\Computer Graphics class\CS452_Assign1_SkelCode\CS452Assign1\CS452Assign1\Release\link-cvtres.read.1.tlog
E:\Computer Graphics class\CS452_Assign1_SkelCode\CS452Assign1\CS452Assign1\Release\link-cvtres.write.1.tlog
E:\COMPUTER GRAPHICS CLASS\CS452_ASSIGN1_SKELCODE\CS452ASSIGN1\CS452ASSIGN1\RELEASE\MORPHING.OBJ
E:\Computer Graphics class\CS452_Assign1_SkelCode\CS452Assign1\CS452Assign1\Release\mt.command.1.tlog
E:\Computer Graphics class\CS452_Assign1_SkelCode\CS452Assign1\CS452Assign1\Release\mt.read.1.tlog
E:\Computer Graphics class\CS452_Assign1_SkelCode\CS452Assign1\CS452Assign1\Release\mt.write.1.tlog
E:\Computer Graphics class\CS452_Assign1_SkelCode\CS452Assign1\CS452Assign1\Release\rc.command.1.tlog
E:\Computer Graphics class\CS452_Assign1_SkelCode\CS452Assign1\CS452Assign1\Release\rc.read.1.tlog
E:\Computer Graphics class\CS452_Assign1_SkelCode\CS452Assign1\CS452Assign1\Release\rc.write.1.tlog
E:\COMPUTER GRAPHICS CLASS\CS452_ASSIGN1_SKELCODE\CS452ASSIGN1\CS452ASSIGN1\RELEASE\STDAFX.OBJ
E:\COMPUTER GRAPHICS CLASS\CS452_ASSIGN1_SKELCODE\CS452ASSIGN1\CS452ASSIGN1\RELEASE\VC100.PDB
E:\COMPUTER GRAPHICS CLASS\CS452_ASSIGN1_SKELCODE\CS452ASSIGN1\RELEASE\CS452ASSIGN1.EXE
E:\COMPUTER GRAPHICS CLASS\CS452_ASSIGN1_SKELCODE\CS452ASSIGN1\RELEASE\CS452ASSIGN1.PDB
