e:\computer graphics class\assignment 2\cs452assign2\cs452assign2\debug\cs452assign2.pch
e:\computer graphics class\assignment 2\cs452assign2\cs452assign2\debug\vc140.pdb
e:\computer graphics class\assignment 2\cs452assign2\cs452assign2\debug\vc140.idb
e:\computer graphics class\assignment 2\cs452assign2\cs452assign2\debug\stdafx.obj
e:\computer graphics class\assignment 2\cs452assign2\cs452assign2\debug\cs452assign2.obj
e:\computer graphics class\assignment 2\cs452assign2\cs452assign2\debug\myraster.obj
e:\computer graphics class\assignment 2\cs452assign2\debug\cs452assign2.ilk
e:\computer graphics class\assignment 2\cs452assign2\debug\cs452assign2.exe
e:\computer graphics class\assignment 2\cs452assign2\debug\cs452assign2.pdb
e:\computer graphics class\assignment 2\cs452assign2\cs452assign2\debug\cs452assign2.res
e:\computer graphics class\assignment 2\cs452assign2\cs452assign2\debug\myraster.obj.enc
e:\computer graphics class\assignment 2\cs452assign2\cs452assign2\debug\cs452assign2.tlog\cl.command.1.tlog
e:\computer graphics class\assignment 2\cs452assign2\cs452assign2\debug\cs452assign2.tlog\cl.read.1.tlog
e:\computer graphics class\assignment 2\cs452assign2\cs452assign2\debug\cs452assign2.tlog\cl.write.1.tlog
e:\computer graphics class\assignment 2\cs452assign2\cs452assign2\debug\cs452assign2.tlog\link.command.1.tlog
e:\computer graphics class\assignment 2\cs452assign2\cs452assign2\debug\cs452assign2.tlog\link.read.1.tlog
e:\computer graphics class\assignment 2\cs452assign2\cs452assign2\debug\cs452assign2.tlog\link.write.1.tlog
e:\computer graphics class\assignment 2\cs452assign2\cs452assign2\debug\cs452assign2.tlog\rc.command.1.tlog
e:\computer graphics class\assignment 2\cs452assign2\cs452assign2\debug\cs452assign2.tlog\rc.read.1.tlog
e:\computer graphics class\assignment 2\cs452assign2\cs452assign2\debug\cs452assign2.tlog\rc.write.1.tlog
